{"/home/benja/workspace/IamFit-Frontend/src/core/Navigation/MainTabBar.constants.ts": {"path":"/home/benja/workspace/IamFit-Frontend/src/core/Navigation/MainTabBar.constants.ts","statementMap":{"0":{"start":{"line":3,"column":33},"end":{"line":8,"column":null}},"1":{"start":{"line":10,"column":36},"end":{"line":10,"column":null}},"2":{"start":{"line":11,"column":33},"end":{"line":11,"column":null}},"3":{"start":{"line":12,"column":34},"end":{"line":12,"column":null}},"4":{"start":{"line":13,"column":42},"end":{"line":13,"column":null}}},"fnMap":{},"branchMap":{},"s":{"0":2,"1":2,"2":2,"3":2,"4":2},"f":{},"b":{},"meta":{"lastBranch":0,"lastFunction":0,"lastStatement":5,"seen":{"s:3:33:8:Infinity":0,"s:10:36:10:Infinity":1,"s:11:33:11:Infinity":2,"s:12:34:12:Infinity":3,"s:13:42:13:Infinity":4},"fnNames":{}}}
,"/home/benja/workspace/IamFit-Frontend/src/core/Navigation/MainTabBar.styles.ts": {"path":"/home/benja/workspace/IamFit-Frontend/src/core/Navigation/MainTabBar.styles.ts","statementMap":{"0":{"start":{"line":5,"column":32},"end":{"line":83,"column":null}}},"fnMap":{},"branchMap":{},"s":{"0":1},"f":{},"b":{},"meta":{"lastBranch":0,"lastFunction":0,"lastStatement":1,"seen":{"s:5:32:83:Infinity":0},"fnNames":{}}}
,"/home/benja/workspace/IamFit-Frontend/src/core/Navigation/MainTabBar.tsx": {"path":"/home/benja/workspace/IamFit-Frontend/src/core/Navigation/MainTabBar.tsx","statementMap":{"0":{"start":{"line":24,"column":4},"end":{"line":25,"column":null}},"1":{"start":{"line":26,"column":34},"end":{"line":26,"column":null}},"2":{"start":{"line":28,"column":2},"end":{"line":88,"column":null}}},"fnMap":{"0":{"name":"MainTabBar","decl":{"start":{"line":17,"column":24},"end":{"line":17,"column":37}},"loc":{"start":{"line":17,"column":37},"end":{"line":90,"column":null}},"line":17}},"branchMap":{},"s":{"0":4,"1":4,"2":4},"f":{"0":4},"b":{},"meta":{"lastBranch":0,"lastFunction":1,"lastStatement":3,"seen":{"f:17:24:17:37":0,"s:24:4:25:Infinity":0,"s:26:34:26:Infinity":1,"s:28:2:88:Infinity":2},"fnNames":{}}}
,"/home/benja/workspace/IamFit-Frontend/src/core/Navigation/MainTabBar.utils.ts": {"path":"/home/benja/workspace/IamFit-Frontend/src/core/Navigation/MainTabBar.utils.ts","statementMap":{"0":{"start":{"line":10,"column":21},"end":{"line":10,"column":null}},"1":{"start":{"line":12,"column":2},"end":{"line":12,"column":null}},"2":{"start":{"line":16,"column":2},"end":{"line":16,"column":null}},"3":{"start":{"line":24,"column":2},"end":{"line":24,"column":null}},"4":{"start":{"line":28,"column":26},"end":{"line":28,"column":null}},"5":{"start":{"line":29,"column":26},"end":{"line":29,"column":null}},"6":{"start":{"line":30,"column":24},"end":{"line":30,"column":null}},"7":{"start":{"line":32,"column":2},"end":{"line":40,"column":null}},"8":{"start":{"line":33,"column":24},"end":{"line":33,"column":null}},"9":{"start":{"line":34,"column":21},"end":{"line":34,"column":null}},"10":{"start":{"line":36,"column":4},"end":{"line":39,"column":null}},"11":{"start":{"line":37,"column":6},"end":{"line":37,"column":null}},"12":{"start":{"line":38,"column":6},"end":{"line":38,"column":null}},"13":{"start":{"line":42,"column":2},"end":{"line":42,"column":null}},"14":{"start":{"line":46,"column":26},"end":{"line":46,"column":null}},"15":{"start":{"line":47,"column":21},"end":{"line":47,"column":null}},"16":{"start":{"line":49,"column":4},"end":{"line":49,"column":null}},"17":{"start":{"line":50,"column":23},"end":{"line":50,"column":null}},"18":{"start":{"line":51,"column":19},"end":{"line":51,"column":null}},"19":{"start":{"line":52,"column":18},"end":{"line":52,"column":null}},"20":{"start":{"line":54,"column":2},"end":{"line":61,"column":null}},"21":{"start":{"line":65,"column":26},"end":{"line":65,"column":null}},"22":{"start":{"line":66,"column":21},"end":{"line":66,"column":null}},"23":{"start":{"line":68,"column":4},"end":{"line":68,"column":null}},"24":{"start":{"line":69,"column":23},"end":{"line":69,"column":null}},"25":{"start":{"line":70,"column":23},"end":{"line":70,"column":null}},"26":{"start":{"line":72,"column":2},"end":{"line":72,"column":null}},"27":{"start":{"line":76,"column":26},"end":{"line":76,"column":null}},"28":{"start":{"line":77,"column":20},"end":{"line":77,"column":null}},"29":{"start":{"line":79,"column":2},"end":{"line":79,"column":null}}},"fnMap":{"0":{"name":"normalizeHref","decl":{"start":{"line":9,"column":16},"end":{"line":9,"column":30}},"loc":{"start":{"line":9,"column":42},"end":{"line":13,"column":null}},"line":9},"1":{"name":"clampNumber","decl":{"start":{"line":15,"column":16},"end":{"line":15,"column":28}},"loc":{"start":{"line":15,"column":69},"end":{"line":17,"column":null}},"line":15},"2":{"name":"getBarLocationX","decl":{"start":{"line":19,"column":16},"end":{"line":19,"column":null}},"loc":{"start":{"line":23,"column":2},"end":{"line":25,"column":null}},"line":23},"3":{"name":"getRouteIndexFromTouch","decl":{"start":{"line":27,"column":16},"end":{"line":27,"column":39}},"loc":{"start":{"line":27,"column":76},"end":{"line":43,"column":null}},"line":27},"4":{"name":"(anonymous_4)","decl":{"start":{"line":32,"column":21},"end":{"line":32,"column":30}},"loc":{"start":{"line":32,"column":56},"end":{"line":40,"column":3}},"line":32},"5":{"name":"getMagnetizedIndicator","decl":{"start":{"line":45,"column":16},"end":{"line":45,"column":39}},"loc":{"start":{"line":45,"column":76},"end":{"line":62,"column":null}},"line":45},"6":{"name":"getDropletSkew","decl":{"start":{"line":64,"column":16},"end":{"line":64,"column":31}},"loc":{"start":{"line":64,"column":68},"end":{"line":73,"column":null}},"line":64},"7":{"name":"getRouteCenterX","decl":{"start":{"line":75,"column":16},"end":{"line":75,"column":32}},"loc":{"start":{"line":75,"column":70},"end":{"line":80,"column":null}},"line":75}},"branchMap":{"0":{"loc":{"start":{"line":10,"column":21},"end":{"line":10,"column":null}},"type":"cond-expr","locations":[{"start":{"line":10,"column":48},"end":{"line":10,"column":55}},{"start":{"line":10,"column":55},"end":{"line":10,"column":null}}],"line":10},"1":{"loc":{"start":{"line":36,"column":4},"end":{"line":39,"column":null}},"type":"if","locations":[{"start":{"line":36,"column":4},"end":{"line":39,"column":null}},{"start":{},"end":{}}],"line":36},"2":{"loc":{"start":{"line":77,"column":20},"end":{"line":77,"column":null}},"type":"binary-expr","locations":[{"start":{"line":77,"column":20},"end":{"line":77,"column":54}},{"start":{"line":77,"column":54},"end":{"line":77,"column":null}}],"line":77}},"s":{"0":2,"1":2,"2":10,"3":3,"4":8,"5":8,"6":8,"7":8,"8":32,"9":32,"10":32,"11":14,"12":14,"13":8,"14":1,"15":1,"16":1,"17":1,"18":1,"19":1,"20":1,"21":3,"22":3,"23":3,"24":3,"25":3,"26":3,"27":5,"28":5,"29":5},"f":{"0":2,"1":10,"2":3,"3":8,"4":32,"5":1,"6":3,"7":5},"b":{"0":[1,1],"1":[14,18],"2":[5,1]},"meta":{"lastBranch":3,"lastFunction":8,"lastStatement":30,"seen":{"f:9:16:9:30":0,"s:10:21:10:Infinity":0,"b:10:48:10:55:10:55:10:Infinity":0,"s:12:2:12:Infinity":1,"f:15:16:15:28":1,"s:16:2:16:Infinity":2,"f:19:16:19:Infinity":2,"s:24:2:24:Infinity":3,"f:27:16:27:39":3,"s:28:26:28:Infinity":4,"s:29:26:29:Infinity":5,"s:30:24:30:Infinity":6,"s:32:2:40:Infinity":7,"f:32:21:32:30":4,"s:33:24:33:Infinity":8,"s:34:21:34:Infinity":9,"b:36:4:39:Infinity:undefined:undefined:undefined:undefined":1,"s:36:4:39:Infinity":10,"s:37:6:37:Infinity":11,"s:38:6:38:Infinity":12,"s:42:2:42:Infinity":13,"f:45:16:45:39":5,"s:46:26:46:Infinity":14,"s:47:21:47:Infinity":15,"s:49:4:49:Infinity":16,"s:50:23:50:Infinity":17,"s:51:19:51:Infinity":18,"s:52:18:52:Infinity":19,"s:54:2:61:Infinity":20,"f:64:16:64:31":6,"s:65:26:65:Infinity":21,"s:66:21:66:Infinity":22,"s:68:4:68:Infinity":23,"s:69:23:69:Infinity":24,"s:70:23:70:Infinity":25,"s:72:2:72:Infinity":26,"f:75:16:75:32":7,"s:76:26:76:Infinity":27,"s:77:20:77:Infinity":28,"b:77:20:77:54:77:54:77:Infinity":2,"s:79:2:79:Infinity":29},"fnNames":{}}}
,"/home/benja/workspace/IamFit-Frontend/src/core/Navigation/components/MainTabIcon/MainTabIcon.utils.ts": {"path":"/home/benja/workspace/IamFit-Frontend/src/core/Navigation/components/MainTabIcon/MainTabIcon.utils.ts","statementMap":{"0":{"start":{"line":4,"column":2},"end":{"line":4,"column":null}},"1":{"start":{"line":8,"column":21},"end":{"line":8,"column":null}},"2":{"start":{"line":10,"column":2},"end":{"line":10,"column":null}}},"fnMap":{"0":{"name":"isCurrentRoute","decl":{"start":{"line":3,"column":16},"end":{"line":3,"column":31}},"loc":{"start":{"line":3,"column":81},"end":{"line":5,"column":null}},"line":3},"1":{"name":"normalizeHref","decl":{"start":{"line":7,"column":16},"end":{"line":7,"column":30}},"loc":{"start":{"line":7,"column":62},"end":{"line":11,"column":null}},"line":7}},"branchMap":{"0":{"loc":{"start":{"line":8,"column":21},"end":{"line":8,"column":null}},"type":"cond-expr","locations":[{"start":{"line":8,"column":48},"end":{"line":8,"column":55}},{"start":{"line":8,"column":55},"end":{"line":8,"column":null}}],"line":8},"1":{"loc":{"start":{"line":10,"column":9},"end":{"line":10,"column":null}},"type":"binary-expr","locations":[{"start":{"line":10,"column":9},"end":{"line":10,"column":52}},{"start":{"line":10,"column":52},"end":{"line":10,"column":null}}],"line":10}},"s":{"0":2,"1":5,"2":5},"f":{"0":2,"1":5},"b":{"0":[3,2],"1":[5,1]},"meta":{"lastBranch":2,"lastFunction":2,"lastStatement":3,"seen":{"f:3:16:3:31":0,"s:4:2:4:Infinity":0,"f:7:16:7:30":1,"s:8:21:8:Infinity":1,"b:8:48:8:55:8:55:8:Infinity":0,"s:10:2:10:Infinity":2,"b:10:9:10:52:10:52:10:Infinity":1},"fnNames":{}}}
,"/home/benja/workspace/IamFit-Frontend/src/core/components/BottomSheet/BottomSheet.tsx": {"path":"/home/benja/workspace/IamFit-Frontend/src/core/components/BottomSheet/BottomSheet.tsx","statementMap":{"0":{"start":{"line":10,"column":13},"end":{"line":45,"column":null}},"1":{"start":{"line":12,"column":24},"end":{"line":12,"column":null}},"2":{"start":{"line":13,"column":10},"end":{"line":18,"column":null}},"3":{"start":{"line":20,"column":4},"end":{"line":42,"column":null}},"4":{"start":{"line":47,"column":0},"end":{"line":47,"column":null}}},"fnMap":{"0":{"name":"(anonymous_0)","decl":{"start":{"line":10,"column":27},"end":{"line":10,"column":null}},"loc":{"start":{"line":11,"column":25},"end":{"line":44,"column":null}},"line":11}},"branchMap":{},"s":{"0":1,"1":2,"2":2,"3":2,"4":1},"f":{"0":2},"b":{},"meta":{"lastBranch":0,"lastFunction":1,"lastStatement":5,"seen":{"s:10:13:45:Infinity":0,"f:10:27:10:Infinity":0,"s:12:24:12:Infinity":1,"s:13:10:18:Infinity":2,"s:20:4:42:Infinity":3,"s:47:0:47:Infinity":4},"fnNames":{}}}
,"/home/benja/workspace/IamFit-Frontend/src/core/components/CustomButton/CustomButton.styles.ts": {"path":"/home/benja/workspace/IamFit-Frontend/src/core/components/CustomButton/CustomButton.styles.ts","statementMap":{"0":{"start":{"line":5,"column":34},"end":{"line":46,"column":null}}},"fnMap":{},"branchMap":{},"s":{"0":1},"f":{},"b":{},"meta":{"lastBranch":0,"lastFunction":0,"lastStatement":1,"seen":{"s:5:34:46:Infinity":0},"fnNames":{}}}
,"/home/benja/workspace/IamFit-Frontend/src/core/components/CustomButton/CustomButton.tsx": {"path":"/home/benja/workspace/IamFit-Frontend/src/core/components/CustomButton/CustomButton.tsx","statementMap":{"0":{"start":{"line":17,"column":48},"end":{"line":18,"column":null}},"1":{"start":{"line":20,"column":8},"end":{"line":20,"column":null}},"2":{"start":{"line":20,"column":36},"end":{"line":20,"column":70}},"3":{"start":{"line":22,"column":2},"end":{"line":41,"column":null}},"4":{"start":{"line":29,"column":32},"end":{"line":33,"column":null}}},"fnMap":{"0":{"name":"CustomButton","decl":{"start":{"line":8,"column":24},"end":{"line":8,"column":37}},"loc":{"start":{"line":15,"column":22},"end":{"line":43,"column":null}},"line":15},"1":{"name":"(anonymous_1)","decl":{"start":{"line":20,"column":21},"end":{"line":20,"column":36}},"loc":{"start":{"line":20,"column":36},"end":{"line":20,"column":70}},"line":20},"2":{"name":"(anonymous_2)","decl":{"start":{"line":29,"column":8},"end":{"line":29,"column":16}},"loc":{"start":{"line":29,"column":32},"end":{"line":33,"column":null}},"line":29}},"branchMap":{"0":{"loc":{"start":{"line":20,"column":36},"end":{"line":20,"column":70}},"type":"cond-expr","locations":[{"start":{"line":20,"column":44},"end":{"line":20,"column":63}},{"start":{"line":20,"column":63},"end":{"line":20,"column":70}}],"line":20},"1":{"loc":{"start":{"line":25,"column":18},"end":{"line":25,"column":null}},"type":"binary-expr","locations":[{"start":{"line":25,"column":18},"end":{"line":25,"column":31}},{"start":{"line":25,"column":31},"end":{"line":25,"column":null}}],"line":25},"2":{"loc":{"start":{"line":31,"column":10},"end":{"line":31,"column":null}},"type":"binary-expr","locations":[{"start":{"line":31,"column":10},"end":{"line":31,"column":30}},{"start":{"line":31,"column":30},"end":{"line":31,"column":null}}],"line":31},"3":{"loc":{"start":{"line":32,"column":11},"end":{"line":32,"column":null}},"type":"binary-expr","locations":[{"start":{"line":32,"column":11},"end":{"line":32,"column":23}},{"start":{"line":32,"column":23},"end":{"line":32,"column":37}},{"start":{"line":32,"column":37},"end":{"line":32,"column":null}}],"line":32},"4":{"loc":{"start":{"line":35,"column":9},"end":{"line":38,"column":null}},"type":"cond-expr","locations":[{"start":{"line":36,"column":10},"end":{"line":38,"column":11}},{"start":{"line":38,"column":10},"end":{"line":38,"column":null}}],"line":35},"5":{"loc":{"start":{"line":36,"column":36},"end":{"line":36,"column":71}},"type":"binary-expr","locations":[{"start":{"line":36,"column":36},"end":{"line":36,"column":59}},{"start":{"line":36,"column":59},"end":{"line":36,"column":71}}],"line":36}},"s":{"0":4,"1":4,"2":4,"3":4,"4":4},"f":{"0":4,"1":4,"2":4},"b":{"0":[0,4],"1":[4,2],"2":[4,4],"3":[4,4,2],"4":[2,2],"5":[2,0]},"meta":{"lastBranch":6,"lastFunction":3,"lastStatement":5,"seen":{"f:8:24:8:37":0,"s:17:48:18:Infinity":0,"s:20:8:20:Infinity":1,"f:20:21:20:36":1,"s:20:36:20:70":2,"b:20:44:20:63:20:63:20:70":0,"s:22:2:41:Infinity":3,"b:25:18:25:31:25:31:25:Infinity":1,"f:29:8:29:16":2,"s:29:32:33:Infinity":4,"b:31:10:31:30:31:30:31:Infinity":2,"b:32:11:32:23:32:23:32:37:32:37:32:Infinity":3,"b:36:10:38:11:38:10:38:Infinity":4,"b:36:36:36:59:36:59:36:71":5},"fnNames":{}}}
,"/home/benja/workspace/IamFit-Frontend/src/core/components/CustomCarousel/CustomCarousel.styles.ts": {"path":"/home/benja/workspace/IamFit-Frontend/src/core/components/CustomCarousel/CustomCarousel.styles.ts","statementMap":{"0":{"start":{"line":4,"column":32},"end":{"line":4,"column":null}},"1":{"start":{"line":5,"column":6},"end":{"line":5,"column":null}},"2":{"start":{"line":6,"column":6},"end":{"line":6,"column":null}},"3":{"start":{"line":10,"column":6},"end":{"line":10,"column":null}},"4":{"start":{"line":12,"column":36},"end":{"line":28,"column":null}}},"fnMap":{},"branchMap":{},"s":{"0":1,"1":1,"2":1,"3":1,"4":1},"f":{},"b":{},"meta":{"lastBranch":0,"lastFunction":0,"lastStatement":5,"seen":{"s:4:32:4:Infinity":0,"s:5:6:5:Infinity":1,"s:6:6:6:Infinity":2,"s:10:6:10:Infinity":3,"s:12:36:28:Infinity":4},"fnNames":{}}}
,"/home/benja/workspace/IamFit-Frontend/src/core/components/CustomCarousel/CustomCarousel.tsx": {"path":"/home/benja/workspace/IamFit-Frontend/src/core/components/CustomCarousel/CustomCarousel.tsx","statementMap":{"0":{"start":{"line":13,"column":43},"end":{"line":15,"column":null}},"1":{"start":{"line":16,"column":21},"end":{"line":16,"column":null}},"2":{"start":{"line":18,"column":2},"end":{"line":43,"column":null}},"3":{"start":{"line":39,"column":21},"end":{"line":39,"column":33}}},"fnMap":{"0":{"name":"CustomCarousel","decl":{"start":{"line":8,"column":24},"end":{"line":8,"column":39}},"loc":{"start":{"line":12,"column":24},"end":{"line":45,"column":null}},"line":12},"1":{"name":"(anonymous_1)","decl":{"start":{"line":39,"column":10},"end":{"line":39,"column":15}},"loc":{"start":{"line":39,"column":21},"end":{"line":39,"column":33}},"line":39}},"branchMap":{"0":{"loc":{"start":{"line":10,"column":2},"end":{"line":10,"column":null}},"type":"default-arg","locations":[{"start":{"line":10,"column":17},"end":{"line":10,"column":null}}],"line":10},"1":{"loc":{"start":{"line":11,"column":2},"end":{"line":11,"column":null}},"type":"default-arg","locations":[{"start":{"line":11,"column":9},"end":{"line":11,"column":null}}],"line":11},"2":{"loc":{"start":{"line":26,"column":10},"end":{"line":28,"column":null}},"type":"cond-expr","locations":[{"start":{"line":27,"column":14},"end":{"line":27,"column":null}},{"start":{"line":28,"column":14},"end":{"line":28,"column":null}}],"line":26},"3":{"loc":{"start":{"line":34,"column":25},"end":{"line":34,"column":null}},"type":"cond-expr","locations":[{"start":{"line":34,"column":38},"end":{"line":34,"column":49}},{"start":{"line":34,"column":49},"end":{"line":34,"column":null}}],"line":34}},"s":{"0":2,"1":2,"2":2,"3":3},"f":{"0":2,"1":3},"b":{"0":[2],"1":[2],"2":[0,2],"3":[0,2]},"meta":{"lastBranch":4,"lastFunction":2,"lastStatement":4,"seen":{"f:8:24:8:39":0,"b:10:17:10:Infinity":0,"b:11:9:11:Infinity":1,"s:13:43:15:Infinity":0,"s:16:21:16:Infinity":1,"s:18:2:43:Infinity":2,"b:27:14:27:Infinity:28:14:28:Infinity":2,"b:34:38:34:49:34:49:34:Infinity":3,"f:39:10:39:15":1,"s:39:21:39:33":3},"fnNames":{}}}
,"/home/benja/workspace/IamFit-Frontend/src/core/components/CustomCheckbox/CustomCheckbox.styles.ts": {"path":"/home/benja/workspace/IamFit-Frontend/src/core/components/CustomCheckbox/CustomCheckbox.styles.ts","statementMap":{"0":{"start":{"line":5,"column":36},"end":{"line":24,"column":null}}},"fnMap":{},"branchMap":{},"s":{"0":1},"f":{},"b":{},"meta":{"lastBranch":0,"lastFunction":0,"lastStatement":1,"seen":{"s:5:36:24:Infinity":0},"fnNames":{}}}
,"/home/benja/workspace/IamFit-Frontend/src/core/components/CustomCheckbox/CustomCheckbox.tsx": {"path":"/home/benja/workspace/IamFit-Frontend/src/core/components/CustomCheckbox/CustomCheckbox.tsx","statementMap":{"0":{"start":{"line":15,"column":2},"end":{"line":35,"column":null}}},"fnMap":{"0":{"name":"CustomCheckbox","decl":{"start":{"line":8,"column":24},"end":{"line":8,"column":39}},"loc":{"start":{"line":14,"column":24},"end":{"line":37,"column":null}},"line":14}},"branchMap":{"0":{"loc":{"start":{"line":12,"column":2},"end":{"line":12,"column":null}},"type":"default-arg","locations":[{"start":{"line":12,"column":9},"end":{"line":12,"column":null}}],"line":12},"1":{"loc":{"start":{"line":13,"column":2},"end":{"line":13,"column":null}},"type":"default-arg","locations":[{"start":{"line":13,"column":10},"end":{"line":13,"column":null}}],"line":13},"2":{"loc":{"start":{"line":19,"column":32},"end":{"line":19,"column":59}},"type":"binary-expr","locations":[{"start":{"line":19,"column":32},"end":{"line":19,"column":44}},{"start":{"line":19,"column":44},"end":{"line":19,"column":59}}],"line":19},"3":{"loc":{"start":{"line":31,"column":9},"end":{"line":32,"column":null}},"type":"binary-expr","locations":[{"start":{"line":31,"column":9},"end":{"line":31,"column":null}},{"start":{"line":32,"column":10},"end":{"line":32,"column":null}}],"line":31}},"s":{"0":3},"f":{"0":3},"b":{"0":[3],"1":[3],"2":[3,0],"3":[3,1]},"meta":{"lastBranch":4,"lastFunction":1,"lastStatement":1,"seen":{"f:8:24:8:39":0,"b:12:9:12:Infinity":0,"b:13:10:13:Infinity":1,"s:15:2:35:Infinity":0,"b:19:32:19:44:19:44:19:59":2,"b:31:9:31:Infinity:32:10:32:Infinity":3},"fnNames":{}}}
,"/home/benja/workspace/IamFit-Frontend/src/core/components/CustomFormInput/CustomFormInput.styles.ts": {"path":"/home/benja/workspace/IamFit-Frontend/src/core/components/CustomFormInput/CustomFormInput.styles.ts","statementMap":{"0":{"start":{"line":5,"column":37},"end":{"line":61,"column":null}}},"fnMap":{},"branchMap":{},"s":{"0":1},"f":{},"b":{},"meta":{"lastBranch":0,"lastFunction":0,"lastStatement":1,"seen":{"s:5:37:61:Infinity":0},"fnNames":{}}}
,"/home/benja/workspace/IamFit-Frontend/src/core/components/CustomFormInput/CustomFormInput.tsx": {"path":"/home/benja/workspace/IamFit-Frontend/src/core/components/CustomFormInput/CustomFormInput.tsx","statementMap":{"0":{"start":{"line":8,"column":24},"end":{"line":116,"column":null}},"1":{"start":{"line":27,"column":54},"end":{"line":27,"column":null}},"2":{"start":{"line":28,"column":21},"end":{"line":28,"column":null}},"3":{"start":{"line":29,"column":37},"end":{"line":31,"column":null}},"4":{"start":{"line":32,"column":30},"end":{"line":32,"column":null}},"5":{"start":{"line":34,"column":10},"end":{"line":34,"column":null}},"6":{"start":{"line":36,"column":10},"end":{"line":43,"column":null}},"7":{"start":{"line":37,"column":6},"end":{"line":37,"column":null}},"8":{"start":{"line":38,"column":6},"end":{"line":42,"column":null}},"9":{"start":{"line":39,"column":8},"end":{"line":39,"column":null}},"10":{"start":{"line":40,"column":13},"end":{"line":42,"column":null}},"11":{"start":{"line":41,"column":8},"end":{"line":41,"column":null}},"12":{"start":{"line":46,"column":10},"end":{"line":54,"column":null}},"13":{"start":{"line":47,"column":6},"end":{"line":47,"column":null}},"14":{"start":{"line":47,"column":45},"end":{"line":47,"column":58}},"15":{"start":{"line":49,"column":6},"end":{"line":53,"column":null}},"16":{"start":{"line":50,"column":8},"end":{"line":52,"column":null}},"17":{"start":{"line":51,"column":10},"end":{"line":51,"column":null}},"18":{"start":{"line":56,"column":4},"end":{"line":113,"column":null}},"19":{"start":{"line":118,"column":0},"end":{"line":118,"column":null}}},"fnMap":{"0":{"name":"(anonymous_0)","decl":{"start":{"line":8,"column":30},"end":{"line":8,"column":null}},"loc":{"start":{"line":26,"column":7},"end":{"line":115,"column":null}},"line":26},"1":{"name":"(anonymous_1)","decl":{"start":{"line":36,"column":10},"end":{"line":36,"column":23}},"loc":{"start":{"line":36,"column":54},"end":{"line":43,"column":null}},"line":36},"2":{"name":"(anonymous_2)","decl":{"start":{"line":46,"column":10},"end":{"line":46,"column":43}},"loc":{"start":{"line":46,"column":43},"end":{"line":54,"column":null}},"line":46},"3":{"name":"(anonymous_3)","decl":{"start":{"line":47,"column":6},"end":{"line":47,"column":28}},"loc":{"start":{"line":47,"column":45},"end":{"line":47,"column":58}},"line":47},"4":{"name":"(anonymous_4)","decl":{"start":{"line":50,"column":8},"end":{"line":50,"column":25}},"loc":{"start":{"line":50,"column":25},"end":{"line":52,"column":11}},"line":50}},"branchMap":{"0":{"loc":{"start":{"line":16,"column":6},"end":{"line":16,"column":null}},"type":"default-arg","locations":[{"start":{"line":16,"column":17},"end":{"line":16,"column":null}}],"line":16},"1":{"loc":{"start":{"line":17,"column":6},"end":{"line":17,"column":null}},"type":"default-arg","locations":[{"start":{"line":17,"column":20},"end":{"line":17,"column":null}}],"line":17},"2":{"loc":{"start":{"line":18,"column":6},"end":{"line":18,"column":null}},"type":"default-arg","locations":[{"start":{"line":18,"column":29},"end":{"line":18,"column":null}}],"line":18},"3":{"loc":{"start":{"line":30,"column":6},"end":{"line":30,"column":null}},"type":"binary-expr","locations":[{"start":{"line":30,"column":6},"end":{"line":30,"column":28}},{"start":{"line":30,"column":28},"end":{"line":30,"column":null}}],"line":30},"4":{"loc":{"start":{"line":32,"column":38},"end":{"line":32,"column":75}},"type":"binary-expr","locations":[{"start":{"line":32,"column":38},"end":{"line":32,"column":57}},{"start":{"line":32,"column":57},"end":{"line":32,"column":75}}],"line":32},"5":{"loc":{"start":{"line":38,"column":6},"end":{"line":42,"column":null}},"type":"if","locations":[{"start":{"line":38,"column":6},"end":{"line":42,"column":null}},{"start":{"line":40,"column":13},"end":{"line":42,"column":null}}],"line":38},"6":{"loc":{"start":{"line":40,"column":13},"end":{"line":42,"column":null}},"type":"if","locations":[{"start":{"line":40,"column":13},"end":{"line":42,"column":null}},{"start":{},"end":{}}],"line":40},"7":{"loc":{"start":{"line":49,"column":6},"end":{"line":53,"column":null}},"type":"if","locations":[{"start":{"line":49,"column":6},"end":{"line":53,"column":null}},{"start":{},"end":{}}],"line":49},"8":{"loc":{"start":{"line":49,"column":10},"end":{"line":49,"column":71}},"type":"binary-expr","locations":[{"start":{"line":49,"column":10},"end":{"line":49,"column":35}},{"start":{"line":49,"column":35},"end":{"line":49,"column":71}}],"line":49},"9":{"loc":{"start":{"line":61,"column":12},"end":{"line":61,"column":null}},"type":"binary-expr","locations":[{"start":{"line":61,"column":12},"end":{"line":61,"column":24}},{"start":{"line":61,"column":24},"end":{"line":61,"column":null}}],"line":61},"10":{"loc":{"start":{"line":62,"column":12},"end":{"line":62,"column":null}},"type":"binary-expr","locations":[{"start":{"line":62,"column":12},"end":{"line":62,"column":25}},{"start":{"line":62,"column":25},"end":{"line":62,"column":null}}],"line":62},"11":{"loc":{"start":{"line":66,"column":11},"end":{"line":66,"column":null}},"type":"cond-expr","locations":[{"start":{"line":66,"column":22},"end":{"line":66,"column":null}},{"start":{"line":66,"column":75},"end":{"line":66,"column":null}}],"line":66},"12":{"loc":{"start":{"line":75,"column":25},"end":{"line":75,"column":null}},"type":"cond-expr","locations":[{"start":{"line":75,"column":43},"end":{"line":75,"column":51}},{"start":{"line":75,"column":51},"end":{"line":75,"column":null}}],"line":75},"13":{"loc":{"start":{"line":77,"column":14},"end":{"line":77,"column":null}},"type":"cond-expr","locations":[{"start":{"line":77,"column":32},"end":{"line":77,"column":41}},{"start":{"line":77,"column":41},"end":{"line":77,"column":null}}],"line":77},"14":{"loc":{"start":{"line":82,"column":11},"end":{"line":101,"column":null}},"type":"cond-expr","locations":[{"start":{"line":83,"column":12},"end":{"line":99,"column":null}},{"start":{"line":99,"column":14},"end":{"line":101,"column":null}}],"line":82},"15":{"loc":{"start":{"line":85,"column":16},"end":{"line":85,"column":null}},"type":"cond-expr","locations":[{"start":{"line":85,"column":36},"end":{"line":85,"column":59}},{"start":{"line":85,"column":59},"end":{"line":85,"column":null}}],"line":85},"16":{"loc":{"start":{"line":94,"column":23},"end":{"line":94,"column":null}},"type":"cond-expr","locations":[{"start":{"line":94,"column":34},"end":{"line":94,"column":46}},{"start":{"line":94,"column":46},"end":{"line":94,"column":null}}],"line":94},"17":{"loc":{"start":{"line":95,"column":22},"end":{"line":95,"column":null}},"type":"cond-expr","locations":[{"start":{"line":95,"column":42},"end":{"line":95,"column":62}},{"start":{"line":95,"column":62},"end":{"line":95,"column":null}}],"line":95},"18":{"loc":{"start":{"line":99,"column":14},"end":{"line":101,"column":null}},"type":"cond-expr","locations":[{"start":{"line":100,"column":12},"end":{"line":101,"column":null}},{"start":{"line":101,"column":14},"end":{"line":101,"column":null}}],"line":99},"19":{"loc":{"start":{"line":107,"column":12},"end":{"line":107,"column":null}},"type":"binary-expr","locations":[{"start":{"line":107,"column":12},"end":{"line":107,"column":25}},{"start":{"line":107,"column":25},"end":{"line":107,"column":null}}],"line":107},"20":{"loc":{"start":{"line":111,"column":11},"end":{"line":111,"column":null}},"type":"binary-expr","locations":[{"start":{"line":111,"column":11},"end":{"line":111,"column":20}},{"start":{"line":111,"column":20},"end":{"line":111,"column":null}}],"line":111}},"s":{"0":1,"1":5,"2":5,"3":5,"4":5,"5":5,"6":5,"7":6,"8":6,"9":0,"10":6,"11":0,"12":5,"13":1,"14":1,"15":1,"16":0,"17":0,"18":5,"19":1},"f":{"0":5,"1":6,"2":1,"3":1,"4":0},"b":{"0":[5],"1":[5],"2":[5],"3":[5,5],"4":[5,3],"5":[0,6],"6":[0,6],"7":[0,1],"8":[1,0],"9":[5,1],"10":[5,1],"11":[0,5],"12":[3,2],"13":[3,2],"14":[3,2],"15":[1,2],"16":[0,3],"17":[1,2],"18":[0,2],"19":[5,4],"20":[5,4]},"meta":{"lastBranch":21,"lastFunction":5,"lastStatement":20,"seen":{"s:8:24:116:Infinity":0,"f:8:30:8:Infinity":0,"b:16:17:16:Infinity":0,"b:17:20:17:Infinity":1,"b:18:29:18:Infinity":2,"s:27:54:27:Infinity":1,"s:28:21:28:Infinity":2,"s:29:37:31:Infinity":3,"b:30:6:30:28:30:28:30:Infinity":3,"s:32:30:32:Infinity":4,"b:32:38:32:57:32:57:32:75":4,"s:34:10:34:Infinity":5,"s:36:10:43:Infinity":6,"f:36:10:36:23":1,"s:37:6:37:Infinity":7,"b:38:6:42:Infinity:40:13:42:Infinity":5,"s:38:6:42:Infinity":8,"s:39:8:39:Infinity":9,"b:40:13:42:Infinity:undefined:undefined:undefined:undefined":6,"s:40:13:42:Infinity":10,"s:41:8:41:Infinity":11,"s:46:10:54:Infinity":12,"f:46:10:46:43":2,"s:47:6:47:Infinity":13,"f:47:6:47:28":3,"s:47:45:47:58":14,"b:49:6:53:Infinity:undefined:undefined:undefined:undefined":7,"s:49:6:53:Infinity":15,"b:49:10:49:35:49:35:49:71":8,"s:50:8:52:Infinity":16,"f:50:8:50:25":4,"s:51:10:51:Infinity":17,"s:56:4:113:Infinity":18,"b:61:12:61:24:61:24:61:Infinity":9,"b:62:12:62:25:62:25:62:Infinity":10,"b:66:22:66:Infinity:66:75:66:Infinity":11,"b:75:43:75:51:75:51:75:Infinity":12,"b:77:32:77:41:77:41:77:Infinity":13,"b:83:12:99:Infinity:99:14:101:Infinity":14,"b:85:36:85:59:85:59:85:Infinity":15,"b:94:34:94:46:94:46:94:Infinity":16,"b:95:42:95:62:95:62:95:Infinity":17,"b:100:12:101:Infinity:101:14:101:Infinity":18,"b:107:12:107:25:107:25:107:Infinity":19,"b:111:11:111:20:111:20:111:Infinity":20,"s:118:0:118:Infinity":19},"fnNames":{}}}
,"/home/benja/workspace/IamFit-Frontend/src/core/components/CustomText/CustomText.styles.ts": {"path":"/home/benja/workspace/IamFit-Frontend/src/core/components/CustomText/CustomText.styles.ts","statementMap":{"0":{"start":{"line":6,"column":31},"end":{"line":87,"column":null}}},"fnMap":{},"branchMap":{},"s":{"0":1},"f":{},"b":{},"meta":{"lastBranch":0,"lastFunction":0,"lastStatement":1,"seen":{"s:6:31:87:Infinity":0},"fnNames":{}}}
,"/home/benja/workspace/IamFit-Frontend/src/core/components/CustomText/CustomText.tsx": {"path":"/home/benja/workspace/IamFit-Frontend/src/core/components/CustomText/CustomText.tsx","statementMap":{"0":{"start":{"line":14,"column":2},"end":{"line":26,"column":null}}},"fnMap":{"0":{"name":"CustomText","decl":{"start":{"line":6,"column":24},"end":{"line":6,"column":35}},"loc":{"start":{"line":13,"column":20},"end":{"line":28,"column":null}},"line":13}},"branchMap":{"0":{"loc":{"start":{"line":8,"column":2},"end":{"line":8,"column":null}},"type":"default-arg","locations":[{"start":{"line":8,"column":9},"end":{"line":8,"column":null}}],"line":8},"1":{"loc":{"start":{"line":20,"column":8},"end":{"line":20,"column":null}},"type":"cond-expr","locations":[{"start":{"line":20,"column":16},"end":{"line":20,"column":35}},{"start":{"line":20,"column":35},"end":{"line":20,"column":null}}],"line":20},"2":{"loc":{"start":{"line":21,"column":8},"end":{"line":21,"column":null}},"type":"cond-expr","locations":[{"start":{"line":21,"column":15},"end":{"line":21,"column":36}},{"start":{"line":21,"column":36},"end":{"line":21,"column":null}}],"line":21}},"s":{"0":4},"f":{"0":4},"b":{"0":[4],"1":[1,3],"2":[1,3]},"meta":{"lastBranch":3,"lastFunction":1,"lastStatement":1,"seen":{"f:6:24:6:35":0,"b:8:9:8:Infinity":0,"s:14:2:26:Infinity":0,"b:20:16:20:35:20:35:20:Infinity":1,"b:21:15:21:36:21:36:21:Infinity":2},"fnNames":{}}}
,"/home/benja/workspace/IamFit-Frontend/src/core/components/ExpandableScreen/ExpandableScreen.styles.ts": {"path":"/home/benja/workspace/IamFit-Frontend/src/core/components/ExpandableScreen/ExpandableScreen.styles.ts","statementMap":{"0":{"start":{"line":4,"column":38},"end":{"line":54,"column":null}}},"fnMap":{},"branchMap":{},"s":{"0":1},"f":{},"b":{},"meta":{"lastBranch":0,"lastFunction":0,"lastStatement":1,"seen":{"s:4:38:54:Infinity":0},"fnNames":{}}}
,"/home/benja/workspace/IamFit-Frontend/src/core/components/ExpandableScreen/ExpandableScreen.tsx": {"path":"/home/benja/workspace/IamFit-Frontend/src/core/components/ExpandableScreen/ExpandableScreen.tsx","statementMap":{"0":{"start":{"line":18,"column":55},"end":{"line":18,"column":null}},"1":{"start":{"line":32,"column":8},"end":{"line":32,"column":null}},"2":{"start":{"line":48,"column":4},"end":{"line":54,"column":null}},"3":{"start":{"line":56,"column":8},"end":{"line":59,"column":null}},"4":{"start":{"line":57,"column":30},"end":{"line":57,"column":null}},"5":{"start":{"line":58,"column":4},"end":{"line":58,"column":null}},"6":{"start":{"line":61,"column":8},"end":{"line":68,"column":null}},"7":{"start":{"line":62,"column":4},"end":{"line":62,"column":null}},"8":{"start":{"line":63,"column":4},"end":{"line":63,"column":null}},"9":{"start":{"line":65,"column":4},"end":{"line":67,"column":null}},"10":{"start":{"line":66,"column":6},"end":{"line":66,"column":null}},"11":{"start":{"line":70,"column":8},"end":{"line":74,"column":null}},"12":{"start":{"line":71,"column":4},"end":{"line":71,"column":null}},"13":{"start":{"line":72,"column":4},"end":{"line":72,"column":null}},"14":{"start":{"line":73,"column":4},"end":{"line":73,"column":null}},"15":{"start":{"line":76,"column":42},"end":{"line":76,"column":null}},"16":{"start":{"line":78,"column":4},"end":{"line":78,"column":null}},"17":{"start":{"line":80,"column":2},"end":{"line":187,"column":null}}},"fnMap":{"0":{"name":"ExpandableScreen","decl":{"start":{"line":20,"column":24},"end":{"line":20,"column":41}},"loc":{"start":{"line":31,"column":26},"end":{"line":189,"column":null}},"line":31},"1":{"name":"(anonymous_1)","decl":{"start":{"line":56,"column":8},"end":{"line":56,"column":24}},"loc":{"start":{"line":56,"column":39},"end":{"line":59,"column":null}},"line":56},"2":{"name":"(anonymous_2)","decl":{"start":{"line":61,"column":8},"end":{"line":61,"column":29}},"loc":{"start":{"line":61,"column":29},"end":{"line":68,"column":null}},"line":61},"3":{"name":"(anonymous_3)","decl":{"start":{"line":65,"column":21},"end":{"line":65,"column":38}},"loc":{"start":{"line":65,"column":62},"end":{"line":67,"column":5}},"line":65},"4":{"name":"(anonymous_4)","decl":{"start":{"line":70,"column":8},"end":{"line":70,"column":31}},"loc":{"start":{"line":70,"column":31},"end":{"line":74,"column":null}},"line":70}},"branchMap":{"0":{"loc":{"start":{"line":24,"column":2},"end":{"line":24,"column":null}},"type":"default-arg","locations":[{"start":{"line":24,"column":18},"end":{"line":24,"column":null}}],"line":24},"1":{"loc":{"start":{"line":26,"column":2},"end":{"line":26,"column":null}},"type":"default-arg","locations":[{"start":{"line":26,"column":8},"end":{"line":26,"column":null}}],"line":26},"2":{"loc":{"start":{"line":27,"column":2},"end":{"line":27,"column":null}},"type":"default-arg","locations":[{"start":{"line":27,"column":12},"end":{"line":27,"column":null}}],"line":27},"3":{"loc":{"start":{"line":29,"column":2},"end":{"line":29,"column":null}},"type":"default-arg","locations":[{"start":{"line":29,"column":15},"end":{"line":29,"column":null}}],"line":29},"4":{"loc":{"start":{"line":30,"column":2},"end":{"line":30,"column":null}},"type":"default-arg","locations":[{"start":{"line":30,"column":15},"end":{"line":30,"column":null}}],"line":30},"5":{"loc":{"start":{"line":76,"column":42},"end":{"line":76,"column":null}},"type":"binary-expr","locations":[{"start":{"line":76,"column":42},"end":{"line":76,"column":68}},{"start":{"line":76,"column":68},"end":{"line":76,"column":null}}],"line":76},"6":{"loc":{"start":{"line":78,"column":4},"end":{"line":78,"column":null}},"type":"cond-expr","locations":[{"start":{"line":78,"column":28},"end":{"line":78,"column":40}},{"start":{"line":78,"column":40},"end":{"line":78,"column":null}}],"line":78},"7":{"loc":{"start":{"line":78,"column":40},"end":{"line":78,"column":null}},"type":"cond-expr","locations":[{"start":{"line":78,"column":61},"end":{"line":78,"column":73}},{"start":{"line":78,"column":73},"end":{"line":78,"column":null}}],"line":78},"8":{"loc":{"start":{"line":90,"column":16},"end":{"line":90,"column":null}},"type":"binary-expr","locations":[{"start":{"line":90,"column":16},"end":{"line":90,"column":23}},{"start":{"line":90,"column":23},"end":{"line":90,"column":null}}],"line":90},"9":{"loc":{"start":{"line":122,"column":13},"end":{"line":140,"column":null}},"type":"binary-expr","locations":[{"start":{"line":122,"column":13},"end":{"line":122,"column":null}},{"start":{"line":123,"column":14},"end":{"line":140,"column":null}}],"line":122},"10":{"loc":{"start":{"line":125,"column":49},"end":{"line":125,"column":73}},"type":"binary-expr","locations":[{"start":{"line":125,"column":49},"end":{"line":125,"column":66}},{"start":{"line":125,"column":66},"end":{"line":125,"column":73}}],"line":125},"11":{"loc":{"start":{"line":138,"column":19},"end":{"line":138,"column":null}},"type":"binary-expr","locations":[{"start":{"line":138,"column":19},"end":{"line":138,"column":37}},{"start":{"line":138,"column":37},"end":{"line":138,"column":null}}],"line":138},"12":{"loc":{"start":{"line":149,"column":17},"end":{"line":166,"column":null}},"type":"cond-expr","locations":[{"start":{"line":150,"column":18},"end":{"line":156,"column":19}},{"start":{"line":156,"column":18},"end":{"line":166,"column":null}}],"line":149},"13":{"loc":{"start":{"line":171,"column":13},"end":{"line":182,"column":null}},"type":"binary-expr","locations":[{"start":{"line":171,"column":13},"end":{"line":171,"column":null}},{"start":{"line":172,"column":14},"end":{"line":182,"column":null}}],"line":171}},"s":{"0":1,"1":2,"2":2,"3":2,"4":0,"5":0,"6":2,"7":1,"8":1,"9":1,"10":1,"11":2,"12":0,"13":0,"14":0,"15":2,"16":2,"17":2},"f":{"0":2,"1":0,"2":1,"3":1,"4":0},"b":{"0":[2],"1":[2],"2":[2],"3":[2],"4":[2],"5":[2,2],"6":[0,2],"7":[0,2],"8":[2,0],"9":[2,2],"10":[2,0],"11":[2,0],"12":[0,2],"13":[2,0]},"meta":{"lastBranch":14,"lastFunction":5,"lastStatement":18,"seen":{"s:18:55:18:Infinity":0,"f:20:24:20:41":0,"b:24:18:24:Infinity":0,"b:26:8:26:Infinity":1,"b:27:12:27:Infinity":2,"b:29:15:29:Infinity":3,"b:30:15:30:Infinity":4,"s:32:8:32:Infinity":1,"s:48:4:54:Infinity":2,"s:56:8:59:Infinity":3,"f:56:8:56:24":1,"s:57:30:57:Infinity":4,"s:58:4:58:Infinity":5,"s:61:8:68:Infinity":6,"f:61:8:61:29":2,"s:62:4:62:Infinity":7,"s:63:4:63:Infinity":8,"s:65:4:67:Infinity":9,"f:65:21:65:38":3,"s:66:6:66:Infinity":10,"s:70:8:74:Infinity":11,"f:70:8:70:31":4,"s:71:4:71:Infinity":12,"s:72:4:72:Infinity":13,"s:73:4:73:Infinity":14,"s:76:42:76:Infinity":15,"b:76:42:76:68:76:68:76:Infinity":5,"s:78:4:78:Infinity":16,"b:78:28:78:40:78:40:78:Infinity":6,"b:78:61:78:73:78:73:78:Infinity":7,"s:80:2:187:Infinity":17,"b:90:16:90:23:90:23:90:Infinity":8,"b:122:13:122:Infinity:123:14:140:Infinity":9,"b:125:49:125:66:125:66:125:73":10,"b:138:19:138:37:138:37:138:Infinity":11,"b:150:18:156:19:156:18:166:Infinity":12,"b:171:13:171:Infinity:172:14:182:Infinity":13},"fnNames":{}}}
,"/home/benja/workspace/IamFit-Frontend/src/core/components/FilterInformationBox/FilterInformationBox.styles.ts": {"path":"/home/benja/workspace/IamFit-Frontend/src/core/components/FilterInformationBox/FilterInformationBox.styles.ts","statementMap":{"0":{"start":{"line":5,"column":42},"end":{"line":13,"column":null}}},"fnMap":{},"branchMap":{},"s":{"0":1},"f":{},"b":{},"meta":{"lastBranch":0,"lastFunction":0,"lastStatement":1,"seen":{"s:5:42:13:Infinity":0},"fnNames":{}}}
,"/home/benja/workspace/IamFit-Frontend/src/core/components/FilterInformationBox/FilterInformationBox.tsx": {"path":"/home/benja/workspace/IamFit-Frontend/src/core/components/FilterInformationBox/FilterInformationBox.tsx","statementMap":{"0":{"start":{"line":13,"column":2},"end":{"line":22,"column":null}}},"fnMap":{"0":{"name":"FilterInformationBox","decl":{"start":{"line":9,"column":24},"end":{"line":9,"column":45}},"loc":{"start":{"line":12,"column":30},"end":{"line":24,"column":null}},"line":12}},"branchMap":{},"s":{"0":3},"f":{"0":3},"b":{},"meta":{"lastBranch":0,"lastFunction":1,"lastStatement":1,"seen":{"f:9:24:9:45":0,"s:13:2:22:Infinity":0},"fnNames":{}}}
,"/home/benja/workspace/IamFit-Frontend/src/core/components/FilterSelector/FilterSelector.styles.ts": {"path":"/home/benja/workspace/IamFit-Frontend/src/core/components/FilterSelector/FilterSelector.styles.ts","statementMap":{"0":{"start":{"line":5,"column":36},"end":{"line":22,"column":null}}},"fnMap":{},"branchMap":{},"s":{"0":1},"f":{},"b":{},"meta":{"lastBranch":0,"lastFunction":0,"lastStatement":1,"seen":{"s:5:36:22:Infinity":0},"fnNames":{}}}
,"/home/benja/workspace/IamFit-Frontend/src/core/components/FilterSelector/FilterSelector.tsx": {"path":"/home/benja/workspace/IamFit-Frontend/src/core/components/FilterSelector/FilterSelector.tsx","statementMap":{"0":{"start":{"line":14,"column":24},"end":{"line":18,"column":null}},"1":{"start":{"line":20,"column":2},"end":{"line":41,"column":null}},"2":{"start":{"line":23,"column":27},"end":{"line":23,"column":null}},"3":{"start":{"line":25,"column":8},"end":{"line":38,"column":null}},"4":{"start":{"line":28,"column":27},"end":{"line":28,"column":null}}},"fnMap":{"0":{"name":"FilterSelector","decl":{"start":{"line":10,"column":24},"end":{"line":10,"column":39}},"loc":{"start":{"line":13,"column":24},"end":{"line":43,"column":null}},"line":13},"1":{"name":"(anonymous_1)","decl":{"start":{"line":22,"column":18},"end":{"line":22,"column":23}},"loc":{"start":{"line":22,"column":42},"end":{"line":40,"column":7}},"line":22},"2":{"name":"(anonymous_2)","decl":{"start":{"line":28,"column":12},"end":{"line":28,"column":27}},"loc":{"start":{"line":28,"column":27},"end":{"line":28,"column":null}},"line":28}},"branchMap":{"0":{"loc":{"start":{"line":29,"column":38},"end":{"line":29,"column":76}},"type":"binary-expr","locations":[{"start":{"line":29,"column":38},"end":{"line":29,"column":52}},{"start":{"line":29,"column":52},"end":{"line":29,"column":76}}],"line":29},"1":{"loc":{"start":{"line":34,"column":21},"end":{"line":34,"column":null}},"type":"cond-expr","locations":[{"start":{"line":34,"column":34},"end":{"line":34,"column":48}},{"start":{"line":34,"column":48},"end":{"line":34,"column":null}}],"line":34}},"s":{"0":3,"1":3,"2":9,"3":9,"4":1},"f":{"0":3,"1":9,"2":1},"b":{"0":[9,3],"1":[3,6]},"meta":{"lastBranch":2,"lastFunction":3,"lastStatement":5,"seen":{"f:10:24:10:39":0,"s:14:24:18:Infinity":0,"s:20:2:41:Infinity":1,"f:22:18:22:23":1,"s:23:27:23:Infinity":2,"s:25:8:38:Infinity":3,"f:28:12:28:27":2,"s:28:27:28:Infinity":4,"b:29:38:29:52:29:52:29:76":0,"b:34:34:34:48:34:48:34:Infinity":1},"fnNames":{}}}
,"/home/benja/workspace/IamFit-Frontend/src/core/components/IamfitIcon/IamfitIcon.styles.ts": {"path":"/home/benja/workspace/IamFit-Frontend/src/core/components/IamfitIcon/IamfitIcon.styles.ts","statementMap":{"0":{"start":{"line":5,"column":32},"end":{"line":31,"column":null}}},"fnMap":{},"branchMap":{},"s":{"0":1},"f":{},"b":{},"meta":{"lastBranch":0,"lastFunction":0,"lastStatement":1,"seen":{"s:5:32:31:Infinity":0},"fnNames":{}}}
,"/home/benja/workspace/IamFit-Frontend/src/core/components/IamfitIcon/IamfitIcon.tsx": {"path":"/home/benja/workspace/IamFit-Frontend/src/core/components/IamfitIcon/IamfitIcon.tsx","statementMap":{"0":{"start":{"line":6,"column":2},"end":{"line":9,"column":null}}},"fnMap":{"0":{"name":"IamfitIcon","decl":{"start":{"line":5,"column":24},"end":{"line":5,"column":37}},"loc":{"start":{"line":5,"column":37},"end":{"line":11,"column":null}},"line":5}},"branchMap":{},"s":{"0":3},"f":{"0":3},"b":{},"meta":{"lastBranch":0,"lastFunction":1,"lastStatement":1,"seen":{"f:5:24:5:37":0,"s:6:2:9:Infinity":0},"fnNames":{}}}
,"/home/benja/workspace/IamFit-Frontend/src/core/components/OTPInput/OTPInput.styles.ts": {"path":"/home/benja/workspace/IamFit-Frontend/src/core/components/OTPInput/OTPInput.styles.ts","statementMap":{"0":{"start":{"line":4,"column":30},"end":{"line":37,"column":null}}},"fnMap":{},"branchMap":{},"s":{"0":1},"f":{},"b":{},"meta":{"lastBranch":0,"lastFunction":0,"lastStatement":1,"seen":{"s:4:30:37:Infinity":0},"fnNames":{}}}
,"/home/benja/workspace/IamFit-Frontend/src/core/components/OTPInput/OTPInput.tsx": {"path":"/home/benja/workspace/IamFit-Frontend/src/core/components/OTPInput/OTPInput.tsx","statementMap":{"0":{"start":{"line":9,"column":40},"end":{"line":9,"column":null}},"1":{"start":{"line":11,"column":2},"end":{"line":38,"column":null}},"2":{"start":{"line":14,"column":8},"end":{"line":25,"column":null}}},"fnMap":{"0":{"name":"OTPInput","decl":{"start":{"line":8,"column":24},"end":{"line":8,"column":33}},"loc":{"start":{"line":8,"column":55},"end":{"line":40,"column":null}},"line":8},"1":{"name":"(anonymous_1)","decl":{"start":{"line":13,"column":13},"end":{"line":13,"column":18}},"loc":{"start":{"line":14,"column":8},"end":{"line":25,"column":null}},"line":14}},"branchMap":{"0":{"loc":{"start":{"line":18,"column":12},"end":{"line":18,"column":null}},"type":"binary-expr","locations":[{"start":{"line":18,"column":12},"end":{"line":18,"column":29}},{"start":{"line":18,"column":29},"end":{"line":18,"column":null}}],"line":18},"1":{"loc":{"start":{"line":19,"column":12},"end":{"line":19,"column":null}},"type":"binary-expr","locations":[{"start":{"line":19,"column":12},"end":{"line":19,"column":29}},{"start":{"line":19,"column":29},"end":{"line":19,"column":null}}],"line":19},"2":{"loc":{"start":{"line":33,"column":19},"end":{"line":33,"column":null}},"type":"binary-expr","locations":[{"start":{"line":33,"column":19},"end":{"line":33,"column":35}},{"start":{"line":33,"column":35},"end":{"line":33,"column":null}}],"line":33}},"s":{"0":4,"1":4,"2":20},"f":{"0":4,"1":20},"b":{"0":[20,4],"1":[20,8],"2":[4,4]},"meta":{"lastBranch":3,"lastFunction":2,"lastStatement":3,"seen":{"f:8:24:8:33":0,"s:9:40:9:Infinity":0,"s:11:2:38:Infinity":1,"f:13:13:13:18":1,"s:14:8:25:Infinity":2,"b:18:12:18:29:18:29:18:Infinity":0,"b:19:12:19:29:19:29:19:Infinity":1,"b:33:19:33:35:33:35:33:Infinity":2},"fnNames":{}}}
,"/home/benja/workspace/IamFit-Frontend/src/core/components/ProgressBar/ProgressBar.styles.ts": {"path":"/home/benja/workspace/IamFit-Frontend/src/core/components/ProgressBar/ProgressBar.styles.ts","statementMap":{"0":{"start":{"line":5,"column":33},"end":{"line":16,"column":null}}},"fnMap":{},"branchMap":{},"s":{"0":1},"f":{},"b":{},"meta":{"lastBranch":0,"lastFunction":0,"lastStatement":1,"seen":{"s:5:33:16:Infinity":0},"fnNames":{}}}
,"/home/benja/workspace/IamFit-Frontend/src/core/components/ProgressBar/ProgressBar.tsx": {"path":"/home/benja/workspace/IamFit-Frontend/src/core/components/ProgressBar/ProgressBar.tsx","statementMap":{"0":{"start":{"line":12,"column":26},"end":{"line":12,"column":null}},"1":{"start":{"line":14,"column":2},"end":{"line":22,"column":null}}},"fnMap":{"0":{"name":"ProgressBar","decl":{"start":{"line":6,"column":24},"end":{"line":6,"column":36}},"loc":{"start":{"line":11,"column":21},"end":{"line":24,"column":null}},"line":11}},"branchMap":{},"s":{"0":5,"1":5},"f":{"0":5},"b":{},"meta":{"lastBranch":0,"lastFunction":1,"lastStatement":2,"seen":{"f:6:24:6:36":0,"s:12:26:12:Infinity":0,"s:14:2:22:Infinity":1},"fnNames":{}}}
,"/home/benja/workspace/IamFit-Frontend/src/core/components/Separator/Separator.styles.ts": {"path":"/home/benja/workspace/IamFit-Frontend/src/core/components/Separator/Separator.styles.ts","statementMap":{"0":{"start":{"line":4,"column":31},"end":{"line":9,"column":null}}},"fnMap":{},"branchMap":{},"s":{"0":1},"f":{},"b":{},"meta":{"lastBranch":0,"lastFunction":0,"lastStatement":1,"seen":{"s:4:31:9:Infinity":0},"fnNames":{}}}
,"/home/benja/workspace/IamFit-Frontend/src/core/components/Separator/Separator.tsx": {"path":"/home/benja/workspace/IamFit-Frontend/src/core/components/Separator/Separator.tsx","statementMap":{"0":{"start":{"line":11,"column":2},"end":{"line":21,"column":null}}},"fnMap":{"0":{"name":"Separator","decl":{"start":{"line":6,"column":24},"end":{"line":6,"column":34}},"loc":{"start":{"line":10,"column":18},"end":{"line":23,"column":null}},"line":10}},"branchMap":{"0":{"loc":{"start":{"line":7,"column":2},"end":{"line":7,"column":null}},"type":"default-arg","locations":[{"start":{"line":7,"column":10},"end":{"line":7,"column":null}}],"line":7},"1":{"loc":{"start":{"line":8,"column":2},"end":{"line":8,"column":null}},"type":"default-arg","locations":[{"start":{"line":8,"column":19},"end":{"line":8,"column":null}}],"line":8},"2":{"loc":{"start":{"line":9,"column":2},"end":{"line":9,"column":null}},"type":"default-arg","locations":[{"start":{"line":9,"column":10},"end":{"line":9,"column":null}}],"line":9}},"s":{"0":3},"f":{"0":3},"b":{"0":[3],"1":[3],"2":[3]},"meta":{"lastBranch":3,"lastFunction":1,"lastStatement":1,"seen":{"f:6:24:6:34":0,"b:7:10:7:Infinity":0,"b:8:19:8:Infinity":1,"b:9:10:9:Infinity":2,"s:11:2:21:Infinity":0},"fnNames":{}}}
,"/home/benja/workspace/IamFit-Frontend/src/core/components/SuccessResult/SuccessResult.styles.ts": {"path":"/home/benja/workspace/IamFit-Frontend/src/core/components/SuccessResult/SuccessResult.styles.ts","statementMap":{"0":{"start":{"line":4,"column":35},"end":{"line":29,"column":null}}},"fnMap":{},"branchMap":{},"s":{"0":1},"f":{},"b":{},"meta":{"lastBranch":0,"lastFunction":0,"lastStatement":1,"seen":{"s:4:35:29:Infinity":0},"fnNames":{}}}
,"/home/benja/workspace/IamFit-Frontend/src/core/components/SuccessResult/SuccessResult.tsx": {"path":"/home/benja/workspace/IamFit-Frontend/src/core/components/SuccessResult/SuccessResult.tsx","statementMap":{"0":{"start":{"line":14,"column":2},"end":{"line":29,"column":null}}},"fnMap":{"0":{"name":"SuccessResult","decl":{"start":{"line":9,"column":24},"end":{"line":9,"column":38}},"loc":{"start":{"line":13,"column":23},"end":{"line":31,"column":null}},"line":13}},"branchMap":{},"s":{"0":4},"f":{"0":4},"b":{},"meta":{"lastBranch":0,"lastFunction":1,"lastStatement":1,"seen":{"f:9:24:9:38":0,"s:14:2:29:Infinity":0},"fnNames":{}}}
,"/home/benja/workspace/IamFit-Frontend/src/core/components/Wrapper/Wrapper.tsx": {"path":"/home/benja/workspace/IamFit-Frontend/src/core/components/Wrapper/Wrapper.tsx","statementMap":{"0":{"start":{"line":8,"column":10},"end":{"line":8,"column":null}},"1":{"start":{"line":10,"column":2},"end":{"line":24,"column":null}}},"fnMap":{"0":{"name":"Wrapper","decl":{"start":{"line":7,"column":24},"end":{"line":7,"column":32}},"loc":{"start":{"line":7,"column":60},"end":{"line":26,"column":null}},"line":7}},"branchMap":{},"s":{"0":2,"1":2},"f":{"0":2},"b":{},"meta":{"lastBranch":0,"lastFunction":1,"lastStatement":2,"seen":{"f:7:24:7:32":0,"s:8:10:8:Infinity":0,"s:10:2:24:Infinity":1},"fnNames":{}}}
,"/home/benja/workspace/IamFit-Frontend/src/core/context/RegisterContext.tsx": {"path":"/home/benja/workspace/IamFit-Frontend/src/core/context/RegisterContext.tsx","statementMap":{"0":{"start":{"line":22,"column":6},"end":{"line":24,"column":null}},"1":{"start":{"line":29,"column":19},"end":{"line":37,"column":null}},"2":{"start":{"line":40,"column":8},"end":{"line":45,"column":null}},"3":{"start":{"line":41,"column":4},"end":{"line":44,"column":null}},"4":{"start":{"line":41,"column":27},"end":{"line":44,"column":6}},"5":{"start":{"line":48,"column":8},"end":{"line":57,"column":null}},"6":{"start":{"line":49,"column":4},"end":{"line":57,"column":null}},"7":{"start":{"line":59,"column":2},"end":{"line":62,"column":null}},"8":{"start":{"line":68,"column":8},"end":{"line":68,"column":null}},"9":{"start":{"line":69,"column":2},"end":{"line":73,"column":null}},"10":{"start":{"line":70,"column":4},"end":{"line":72,"column":null}},"11":{"start":{"line":74,"column":2},"end":{"line":74,"column":null}}},"fnMap":{"0":{"name":"RegisterProvider","decl":{"start":{"line":27,"column":16},"end":{"line":27,"column":33}},"loc":{"start":{"line":27,"column":78},"end":{"line":64,"column":null}},"line":27},"1":{"name":"(anonymous_1)","decl":{"start":{"line":40,"column":8},"end":{"line":40,"column":22}},"loc":{"start":{"line":40,"column":57},"end":{"line":45,"column":null}},"line":40},"2":{"name":"(anonymous_2)","decl":{"start":{"line":41,"column":4},"end":{"line":41,"column":17}},"loc":{"start":{"line":41,"column":27},"end":{"line":44,"column":6}},"line":41},"3":{"name":"(anonymous_3)","decl":{"start":{"line":48,"column":8},"end":{"line":48,"column":null}},"loc":{"start":{"line":49,"column":4},"end":{"line":57,"column":null}},"line":49},"4":{"name":"useRegisterForm","decl":{"start":{"line":67,"column":16},"end":{"line":67,"column":34}},"loc":{"start":{"line":67,"column":34},"end":{"line":75,"column":null}},"line":67}},"branchMap":{"0":{"loc":{"start":{"line":69,"column":2},"end":{"line":73,"column":null}},"type":"if","locations":[{"start":{"line":69,"column":2},"end":{"line":73,"column":null}},{"start":{},"end":{}}],"line":69}},"s":{"0":1,"1":6,"2":6,"3":2,"4":2,"5":6,"6":1,"7":6,"8":6,"9":6,"10":0,"11":6},"f":{"0":6,"1":2,"2":2,"3":1,"4":6},"b":{"0":[0,6]},"meta":{"lastBranch":1,"lastFunction":5,"lastStatement":12,"seen":{"s:22:6:24:Infinity":0,"f:27:16:27:33":0,"s:29:19:37:Infinity":1,"s:40:8:45:Infinity":2,"f:40:8:40:22":1,"s:41:4:44:Infinity":3,"f:41:4:41:17":2,"s:41:27:44:6":4,"s:48:8:57:Infinity":5,"f:48:8:48:Infinity":3,"s:49:4:57:Infinity":6,"s:59:2:62:Infinity":7,"f:67:16:67:34":4,"s:68:8:68:Infinity":8,"b:69:2:73:Infinity:undefined:undefined:undefined:undefined":0,"s:69:2:73:Infinity":9,"s:70:4:72:Infinity":10,"s:74:2:74:Infinity":11},"fnNames":{}}}
,"/home/benja/workspace/IamFit-Frontend/src/core/utils/formatToLocalNumber.ts": {"path":"/home/benja/workspace/IamFit-Frontend/src/core/utils/formatToLocalNumber.ts","statementMap":{"0":{"start":{"line":2,"column":2},"end":{"line":2,"column":null}}},"fnMap":{"0":{"name":"formatToLocalNumber","decl":{"start":{"line":1,"column":24},"end":{"line":1,"column":44}},"loc":{"start":{"line":1,"column":59},"end":{"line":3,"column":null}},"line":1}},"branchMap":{},"s":{"0":3},"f":{"0":3},"b":{},"meta":{"lastBranch":0,"lastFunction":1,"lastStatement":1,"seen":{"f:1:24:1:44":0,"s:2:2:2:Infinity":0},"fnNames":{}}}
,"/home/benja/workspace/IamFit-Frontend/src/core/utils/index.ts": {"path":"/home/benja/workspace/IamFit-Frontend/src/core/utils/index.ts","statementMap":{},"fnMap":{},"branchMap":{},"s":{},"f":{},"b":{},"meta":{"lastBranch":0,"lastFunction":0,"lastStatement":0,"seen":{},"fnNames":{}}}
,"/home/benja/workspace/IamFit-Frontend/src/core/utils/responsiveScreen.ts": {"path":"/home/benja/workspace/IamFit-Frontend/src/core/utils/responsiveScreen.ts","statementMap":{"0":{"start":{"line":6,"column":20},"end":{"line":6,"column":null}},"1":{"start":{"line":7,"column":19},"end":{"line":7,"column":null}},"2":{"start":{"line":9,"column":6},"end":{"line":15,"column":null}},"3":{"start":{"line":10,"column":2},"end":{"line":12,"column":null}},"4":{"start":{"line":11,"column":4},"end":{"line":11,"column":null}},"5":{"start":{"line":14,"column":2},"end":{"line":14,"column":null}},"6":{"start":{"line":17,"column":13},"end":{"line":19,"column":null}},"7":{"start":{"line":18,"column":2},"end":{"line":18,"column":null}},"8":{"start":{"line":21,"column":13},"end":{"line":23,"column":null}},"9":{"start":{"line":22,"column":2},"end":{"line":22,"column":null}},"10":{"start":{"line":25,"column":21},"end":{"line":25,"column":null}},"11":{"start":{"line":26,"column":21},"end":{"line":26,"column":null}}},"fnMap":{"0":{"name":"(anonymous_0)","decl":{"start":{"line":9,"column":6},"end":{"line":9,"column":19}},"loc":{"start":{"line":9,"column":60},"end":{"line":15,"column":null}},"line":9},"1":{"name":"(anonymous_1)","decl":{"start":{"line":17,"column":13},"end":{"line":17,"column":19}},"loc":{"start":{"line":17,"column":49},"end":{"line":19,"column":null}},"line":17},"2":{"name":"(anonymous_2)","decl":{"start":{"line":21,"column":13},"end":{"line":21,"column":19}},"loc":{"start":{"line":21,"column":48},"end":{"line":23,"column":null}},"line":21}},"branchMap":{"0":{"loc":{"start":{"line":10,"column":2},"end":{"line":12,"column":null}},"type":"if","locations":[{"start":{"line":10,"column":2},"end":{"line":12,"column":null}},{"start":{},"end":{}}],"line":10},"1":{"loc":{"start":{"line":11,"column":11},"end":{"line":11,"column":null}},"type":"cond-expr","locations":[{"start":{"line":11,"column":33},"end":{"line":11,"column":41}},{"start":{"line":11,"column":41},"end":{"line":11,"column":null}}],"line":11}},"s":{"0":13,"1":13,"2":13,"3":247,"4":0,"5":247,"6":13,"7":70,"8":13,"9":177,"10":13,"11":13},"f":{"0":247,"1":70,"2":177},"b":{"0":[0,247],"1":[0,0]},"meta":{"lastBranch":2,"lastFunction":3,"lastStatement":12,"seen":{"s:6:20:6:Infinity":0,"s:7:19:7:Infinity":1,"s:9:6:15:Infinity":2,"f:9:6:9:19":0,"b:10:2:12:Infinity:undefined:undefined:undefined:undefined":0,"s:10:2:12:Infinity":3,"s:11:4:11:Infinity":4,"b:11:33:11:41:11:41:11:Infinity":1,"s:14:2:14:Infinity":5,"s:17:13:19:Infinity":6,"f:17:13:17:19":1,"s:18:2:18:Infinity":7,"s:21:13:23:Infinity":8,"f:21:13:21:19":2,"s:22:2:22:Infinity":9,"s:25:21:25:Infinity":10,"s:26:21:26:Infinity":11},"fnNames":{}}}
,"/home/benja/workspace/IamFit-Frontend/src/features/Feeding/components/FoodSummaryCard/useFoodSummaryCard.ts": {"path":"/home/benja/workspace/IamFit-Frontend/src/features/Feeding/components/FoodSummaryCard/useFoodSummaryCard.ts","statementMap":{"0":{"start":{"line":4,"column":13},"end":{"line":21,"column":null}},"1":{"start":{"line":5,"column":22},"end":{"line":5,"column":null}},"2":{"start":{"line":6,"column":2},"end":{"line":8,"column":null}},"3":{"start":{"line":7,"column":4},"end":{"line":7,"column":null}},"4":{"start":{"line":9,"column":2},"end":{"line":11,"column":null}},"5":{"start":{"line":10,"column":4},"end":{"line":10,"column":null}},"6":{"start":{"line":12,"column":2},"end":{"line":14,"column":null}},"7":{"start":{"line":13,"column":4},"end":{"line":13,"column":null}},"8":{"start":{"line":15,"column":2},"end":{"line":17,"column":null}},"9":{"start":{"line":16,"column":4},"end":{"line":16,"column":null}},"10":{"start":{"line":18,"column":2},"end":{"line":20,"column":null}}},"fnMap":{"0":{"name":"(anonymous_0)","decl":{"start":{"line":4,"column":13},"end":{"line":4,"column":35}},"loc":{"start":{"line":4,"column":79},"end":{"line":21,"column":null}},"line":4}},"branchMap":{"0":{"loc":{"start":{"line":6,"column":2},"end":{"line":8,"column":null}},"type":"if","locations":[{"start":{"line":6,"column":2},"end":{"line":8,"column":null}},{"start":{},"end":{}}],"line":6},"1":{"loc":{"start":{"line":9,"column":2},"end":{"line":11,"column":null}},"type":"if","locations":[{"start":{"line":9,"column":2},"end":{"line":11,"column":null}},{"start":{},"end":{}}],"line":9},"2":{"loc":{"start":{"line":12,"column":2},"end":{"line":14,"column":null}},"type":"if","locations":[{"start":{"line":12,"column":2},"end":{"line":14,"column":null}},{"start":{},"end":{}}],"line":12},"3":{"loc":{"start":{"line":15,"column":2},"end":{"line":17,"column":null}},"type":"if","locations":[{"start":{"line":15,"column":2},"end":{"line":17,"column":null}},{"start":{},"end":{}}],"line":15}},"s":{"0":1,"1":4,"2":4,"3":1,"4":4,"5":1,"6":4,"7":1,"8":4,"9":0,"10":4},"f":{"0":4},"b":{"0":[1,3],"1":[1,3],"2":[1,3],"3":[0,4]},"meta":{"lastBranch":4,"lastFunction":1,"lastStatement":11,"seen":{"s:4:13:21:Infinity":0,"f:4:13:4:35":0,"s:5:22:5:Infinity":1,"b:6:2:8:Infinity:undefined:undefined:undefined:undefined":0,"s:6:2:8:Infinity":2,"s:7:4:7:Infinity":3,"b:9:2:11:Infinity:undefined:undefined:undefined:undefined":1,"s:9:2:11:Infinity":4,"s:10:4:10:Infinity":5,"b:12:2:14:Infinity:undefined:undefined:undefined:undefined":2,"s:12:2:14:Infinity":6,"s:13:4:13:Infinity":7,"b:15:2:17:Infinity:undefined:undefined:undefined:undefined":3,"s:15:2:17:Infinity":8,"s:16:4:16:Infinity":9,"s:18:2:20:Infinity":10},"fnNames":{}}}
,"/home/benja/workspace/IamFit-Frontend/src/features/home/components/DayCalendarCard/useDayCalendarCard.ts": {"path":"/home/benja/workspace/IamFit-Frontend/src/features/home/components/DayCalendarCard/useDayCalendarCard.ts","statementMap":{"0":{"start":{"line":3,"column":13},"end":{"line":14,"column":null}},"1":{"start":{"line":8,"column":22},"end":{"line":8,"column":null}},"2":{"start":{"line":9,"column":19},"end":{"line":9,"column":null}},"3":{"start":{"line":10,"column":2},"end":{"line":13,"column":null}}},"fnMap":{"0":{"name":"(anonymous_0)","decl":{"start":{"line":3,"column":13},"end":{"line":3,"column":35}},"loc":{"start":{"line":7,"column":28},"end":{"line":14,"column":null}},"line":7}},"branchMap":{},"s":{"0":1,"1":1,"2":1,"3":1},"f":{"0":1},"b":{},"meta":{"lastBranch":0,"lastFunction":1,"lastStatement":4,"seen":{"s:3:13:14:Infinity":0,"f:3:13:3:35":0,"s:8:22:8:Infinity":1,"s:9:19:9:Infinity":2,"s:10:2:13:Infinity":3},"fnNames":{}}}
,"/home/benja/workspace/IamFit-Frontend/src/features/home/components/ProgressTaskCard/useProgressTaskCard.ts": {"path":"/home/benja/workspace/IamFit-Frontend/src/features/home/components/ProgressTaskCard/useProgressTaskCard.ts","statementMap":{"0":{"start":{"line":3,"column":13},"end":{"line":10,"column":null}},"1":{"start":{"line":7,"column":30},"end":{"line":7,"column":null}},"2":{"start":{"line":9,"column":2},"end":{"line":9,"column":null}}},"fnMap":{"0":{"name":"(anonymous_0)","decl":{"start":{"line":3,"column":13},"end":{"line":3,"column":36}},"loc":{"start":{"line":6,"column":29},"end":{"line":10,"column":null}},"line":6}},"branchMap":{},"s":{"0":1,"1":2,"2":2},"f":{"0":2},"b":{},"meta":{"lastBranch":0,"lastFunction":1,"lastStatement":3,"seen":{"s:3:13:10:Infinity":0,"f:3:13:3:36":0,"s:7:30:7:Infinity":1,"s:9:2:9:Infinity":2},"fnNames":{}}}
,"/home/benja/workspace/IamFit-Frontend/src/features/home/components/WelcomeUser/useWelcomeUser.ts": {"path":"/home/benja/workspace/IamFit-Frontend/src/features/home/components/WelcomeUser/useWelcomeUser.ts","statementMap":{"0":{"start":{"line":3,"column":13},"end":{"line":13,"column":null}},"1":{"start":{"line":4,"column":29},"end":{"line":4,"column":null}},"2":{"start":{"line":6,"column":2},"end":{"line":8,"column":null}},"3":{"start":{"line":7,"column":4},"end":{"line":7,"column":null}},"4":{"start":{"line":10,"column":2},"end":{"line":12,"column":null}}},"fnMap":{"0":{"name":"(anonymous_0)","decl":{"start":{"line":3,"column":13},"end":{"line":3,"column":31}},"loc":{"start":{"line":3,"column":62},"end":{"line":13,"column":null}},"line":3}},"branchMap":{"0":{"loc":{"start":{"line":6,"column":2},"end":{"line":8,"column":null}},"type":"if","locations":[{"start":{"line":6,"column":2},"end":{"line":8,"column":null}},{"start":{},"end":{}}],"line":6},"1":{"loc":{"start":{"line":6,"column":6},"end":{"line":6,"column":43}},"type":"binary-expr","locations":[{"start":{"line":6,"column":6},"end":{"line":6,"column":28}},{"start":{"line":6,"column":28},"end":{"line":6,"column":43}}],"line":6}},"s":{"0":1,"1":3,"2":3,"3":1,"4":3},"f":{"0":3},"b":{"0":[1,2],"1":[3,2]},"meta":{"lastBranch":2,"lastFunction":1,"lastStatement":5,"seen":{"s:3:13:13:Infinity":0,"f:3:13:3:31":0,"s:4:29:4:Infinity":1,"b:6:2:8:Infinity:undefined:undefined:undefined:undefined":0,"s:6:2:8:Infinity":2,"b:6:6:6:28:6:28:6:43":1,"s:7:4:7:Infinity":3,"s:10:2:12:Infinity":4},"fnNames":{}}}
,"/home/benja/workspace/IamFit-Frontend/src/theme/colors.ts": {"path":"/home/benja/workspace/IamFit-Frontend/src/theme/colors.ts","statementMap":{"0":{"start":{"line":1,"column":21},"end":{"line":30,"column":null}}},"fnMap":{},"branchMap":{},"s":{"0":9},"f":{},"b":{},"meta":{"lastBranch":0,"lastFunction":0,"lastStatement":1,"seen":{"s:1:21:30:Infinity":0},"fnNames":{}}}
,"/home/benja/workspace/IamFit-Frontend/src/theme/index.ts": {"path":"/home/benja/workspace/IamFit-Frontend/src/theme/index.ts","statementMap":{},"fnMap":{},"branchMap":{},"s":{},"f":{},"b":{},"meta":{"lastBranch":0,"lastFunction":0,"lastStatement":0,"seen":{},"fnNames":{}}}
,"/home/benja/workspace/IamFit-Frontend/src/theme/ui.ts": {"path":"/home/benja/workspace/IamFit-Frontend/src/theme/ui.ts","statementMap":{"0":{"start":{"line":3,"column":22},"end":{"line":3,"column":null}},"1":{"start":{"line":5,"column":18},"end":{"line":41,"column":null}}},"fnMap":{},"branchMap":{},"s":{"0":10,"1":10},"f":{},"b":{},"meta":{"lastBranch":0,"lastFunction":0,"lastStatement":2,"seen":{"s:3:22:3:Infinity":0,"s:5:18:41:Infinity":1},"fnNames":{}}}
}
